<?xml version="1.0" encoding="UTF-8"?>
<!-- Generated by org.testng.reporters.JUnitXMLReporter -->
<testsuite hostname="MiniBuntu" ignored="0" name="Command line test" tests="3" failures="0" timestamp="09 Dec 2018 10:47:22 GMT" time="27.703" errors="0">
  <testcase name="runScenario" time="14.294" classname="cucumber.api.testng.AbstractTestNGCucumberTests"/>
  <testcase name="runScenario" time="7.94" classname="cucumber.api.testng.AbstractTestNGCucumberTests"/>
  <testcase name="runScenario" time="5.266" classname="cucumber.api.testng.AbstractTestNGCucumberTests"/>
</testsuite> <!-- Command line test -->
