<?xml version="1.0" encoding="UTF-8"?>
<!-- Generated by org.testng.reporters.JUnitXMLReporter -->
<testsuite hostname="MiniBuntu" ignored="0" name="Surefire test" tests="3" failures="0" timestamp="02 Dec 2018 18:19:32 GMT" time="28.202" errors="0">
  <testcase name="runScenario" time="15.987" classname="cucumber.api.testng.AbstractTestNGCucumberTests"/>
  <testcase name="runScenario" time="5.226" classname="cucumber.api.testng.AbstractTestNGCucumberTests"/>
  <testcase name="runScenario" time="6.791" classname="cucumber.api.testng.AbstractTestNGCucumberTests"/>
</testsuite> <!-- Surefire test -->
